<?xml version="1.0" encoding="UTF-8"?>
<!-- Generated by org.testng.reporters.JUnitXMLReporter -->
<testsuite ignored="0" hostname="LAPTOP-J6JSJEKO" failures="1" tests="2" name="Surefire test" time="68.578" errors="0" timestamp="2021-08-18T21:45:51 IST">
  <testcase classname="library.TestLogin" name="testcourseclick" time="1.019">
    <failure type="java.lang.NullPointerException">
      <![CDATA[java.lang.NullPointerException
at library.TestLogin.testcourseclick(TestLogin.java:52)
at java.base/java.util.ArrayList.forEach(ArrayList.java:1541)
... Removed 32 stack frames]]>
    </failure>
  </testcase> <!-- testcourseclick -->
  <testcase classname="library.TestLogin" name="testlogin" time="28.244"/>
</testsuite> <!-- Surefire test -->
