<?xml version="1.0" encoding="UTF-8"?>
<!-- Generated by org.testng.reporters.JUnitXMLReporter -->
<testsuite ignored="0" hostname="LAPTOP-J6JSJEKO" failures="1" tests="2" name="Test" time="79.086" errors="0" timestamp="2021-08-19T00:33:30 IST">
  <testcase classname="library.TestLogin" name="testcourseclick" time="1.08">
    <failure type="java.lang.NullPointerException">
      <![CDATA[java.lang.NullPointerException
at library.TestLogin.testcourseclick(TestLogin.java:53)
at java.base/java.util.ArrayList.forEach(ArrayList.java:1541)
... Removed 31 stack frames]]>
    </failure>
  </testcase> <!-- testcourseclick -->
  <testcase classname="library.TestLogin" name="testlogin" time="30.152"/>
</testsuite> <!-- Test -->
