<?xml version="1.0" encoding="UTF-8"?>
<!-- Generated by org.testng.reporters.JUnitXMLReporter -->
<testsuite ignored="0" hostname="LAPTOP-J6JSJEKO" failures="1" tests="2" name="Command line test" time="81.063" errors="0" timestamp="2021-08-19T00:11:56 IST">
  <testcase classname="library.TestLogin" name="testcourseclick" time="1.149">
    <failure type="java.lang.NullPointerException">
      <![CDATA[java.lang.NullPointerException
at library.TestLogin.testcourseclick(TestLogin.java:53)
at java.base/java.util.ArrayList.forEach(ArrayList.java:1541)
... Removed 36 stack frames]]>
    </failure>
  </testcase> <!-- testcourseclick -->
  <testcase classname="library.TestLogin" name="testlogin" time="26.534"/>
</testsuite> <!-- Command line test -->
