-------------------------------------------------------------------------------
Test set: library.TestLogin
-------------------------------------------------------------------------------
Tests run: 2, Failures: 1, Errors: 0, Skipped: 0, Time elapsed: 87.388 sec <<< FAILURE!
testcourseclick(library.TestLogin)  Time elapsed: 1.216 sec  <<< FAILURE!
java.lang.NullPointerException
	at library.TestLogin.testcourseclick(TestLogin.java:53)

