<?xml version="1.0" encoding="UTF-8"?>
<testng-results ignored="0" total="2" passed="1" failed="1" skipped="0">
  <reporter-output>
  </reporter-output>
  <suite started-at="2021-08-19T00:32:10 IST" name="Suite" finished-at="2021-08-19T00:33:29 IST" duration-ms="79086">
    <groups>
      <group name="regression">
        <method signature="TestLogin.testcourseclick()[pri:0, instance:library.TestLogin@2c444798]" name="testcourseclick" class="library.TestLogin"/>
      </group> <!-- regression -->
      <group name="smoke">
        <method signature="TestLogin.testlogin()[pri:0, instance:library.TestLogin@2c444798]" name="testlogin" class="library.TestLogin"/>
      </group> <!-- smoke -->
    </groups>
    <test started-at="2021-08-19T00:32:10 IST" name="Test" finished-at="2021-08-19T00:33:29 IST" duration-ms="79086">
      <class name="library.TestLogin">
        <test-method is-config="true" signature="setupnow()[pri:0, instance:library.TestLogin@2c444798]" started-at="2021-08-19T00:32:10 IST" name="setupnow" finished-at="2021-08-19T00:32:41 IST" duration-ms="31086" status="PASS">
          <reporter-output>
          </reporter-output>
        </test-method> <!-- setupnow -->
        <test-method signature="testcourseclick()[pri:0, instance:library.TestLogin@2c444798]" started-at="2021-08-19T00:32:41 IST" name="testcourseclick" finished-at="2021-08-19T00:32:42 IST" duration-ms="1080" status="FAIL">
          <exception class="java.lang.NullPointerException">
            <full-stacktrace>
              <![CDATA[java.lang.NullPointerException
at library.TestLogin.testcourseclick(TestLogin.java:53)
at java.base/jdk.internal.reflect.NativeMethodAccessorImpl.invoke0(Native Method)
at java.base/jdk.internal.reflect.NativeMethodAccessorImpl.invoke(NativeMethodAccessorImpl.java:62)
at java.base/jdk.internal.reflect.DelegatingMethodAccessorImpl.invoke(DelegatingMethodAccessorImpl.java:43)
at java.base/java.lang.reflect.Method.invoke(Method.java:566)
at org.testng.internal.MethodInvocationHelper.invokeMethod(MethodInvocationHelper.java:133)
at org.testng.internal.TestInvoker.invokeMethod(TestInvoker.java:598)
at org.testng.internal.TestInvoker.invokeTestMethod(TestInvoker.java:173)
at org.testng.internal.MethodRunner.runInSequence(MethodRunner.java:46)
at org.testng.internal.TestInvoker$MethodInvocationAgent.invoke(TestInvoker.java:824)
at org.testng.internal.TestInvoker.invokeTestMethods(TestInvoker.java:146)
at org.testng.internal.TestMethodWorker.invokeTestMethods(TestMethodWorker.java:146)
at org.testng.internal.TestMethodWorker.run(TestMethodWorker.java:128)
at java.base/java.util.ArrayList.forEach(ArrayList.java:1541)
at org.testng.TestRunner.privateRun(TestRunner.java:794)
at org.testng.TestRunner.run(TestRunner.java:596)
at org.testng.SuiteRunner.runTest(SuiteRunner.java:377)
at org.testng.SuiteRunner.runSequentially(SuiteRunner.java:371)
at org.testng.SuiteRunner.privateRun(SuiteRunner.java:332)
at org.testng.SuiteRunner.run(SuiteRunner.java:276)
at org.testng.SuiteRunnerWorker.runSuite(SuiteRunnerWorker.java:53)
at org.testng.SuiteRunnerWorker.run(SuiteRunnerWorker.java:96)
at org.testng.TestNG.runSuitesSequentially(TestNG.java:1212)
at org.testng.TestNG.runSuitesLocally(TestNG.java:1134)
at org.testng.TestNG.runSuites(TestNG.java:1063)
at org.testng.TestNG.run(TestNG.java:1031)
at org.apache.maven.surefire.testng.TestNGExecutor.run(TestNGExecutor.java:284)
at org.apache.maven.surefire.testng.TestNGXmlTestSuite.execute(TestNGXmlTestSuite.java:75)
at org.apache.maven.surefire.testng.TestNGProvider.invoke(TestNGProvider.java:119)
at org.apache.maven.surefire.booter.ForkedBooter.runSuitesInProcess(ForkedBooter.java:428)
at org.apache.maven.surefire.booter.ForkedBooter.execute(ForkedBooter.java:162)
at org.apache.maven.surefire.booter.ForkedBooter.run(ForkedBooter.java:562)
at org.apache.maven.surefire.booter.ForkedBooter.main(ForkedBooter.java:548)
]]>
            </full-stacktrace>
          </exception> <!-- java.lang.NullPointerException -->
          <reporter-output>
          </reporter-output>
        </test-method> <!-- testcourseclick -->
        <test-method is-config="true" signature="getSS(org.testng.ITestResult)[pri:0, instance:library.TestLogin@2c444798]" started-at="2021-08-19T00:32:43 IST" name="getSS" finished-at="2021-08-19T00:32:44 IST" duration-ms="1809" status="PASS">
          <params>
            <param index="0">
              <value>
                <![CDATA[[TestResult name=testcourseclick status=FAILURE method=TestLogin.testcourseclick()[pri:0, instance:library.TestLogin@2c444798] output={null}]]]>
              </value>
            </param>
          </params>
          <reporter-output>
          </reporter-output>
        </test-method> <!-- getSS -->
        <test-method signature="testlogin()[pri:0, instance:library.TestLogin@2c444798]" started-at="2021-08-19T00:32:44 IST" name="testlogin" finished-at="2021-08-19T00:33:15 IST" duration-ms="30152" status="PASS">
          <reporter-output>
          </reporter-output>
        </test-method> <!-- testlogin -->
        <test-method is-config="true" signature="getSS(org.testng.ITestResult)[pri:0, instance:library.TestLogin@2c444798]" started-at="2021-08-19T00:33:15 IST" name="getSS" finished-at="2021-08-19T00:33:15 IST" duration-ms="0" status="PASS">
          <params>
            <param index="0">
              <value>
                <![CDATA[[TestResult name=testlogin status=SUCCESS method=TestLogin.testlogin()[pri:0, instance:library.TestLogin@2c444798] output={null}]]]>
              </value>
            </param>
          </params>
          <reporter-output>
          </reporter-output>
        </test-method> <!-- getSS -->
        <test-method is-config="true" signature="closeDriver()[pri:0, instance:library.TestLogin@2c444798]" started-at="2021-08-19T00:33:15 IST" name="closeDriver" finished-at="2021-08-19T00:33:29 IST" duration-ms="14757" status="PASS">
          <reporter-output>
          </reporter-output>
        </test-method> <!-- closeDriver -->
      </class> <!-- library.TestLogin -->
    </test> <!-- Test -->
  </suite> <!-- Suite -->
</testng-results>
