-------------------------------------------------------------------------------
Test set: TestSuite
-------------------------------------------------------------------------------
Tests run: 2, Failures: 1, Errors: 0, Skipped: 0, Time elapsed: 84.411 s <<< FAILURE! - in TestSuite
library.TestLogin.testcourseclick  Time elapsed: 0.992 s  <<< FAILURE!
java.lang.NullPointerException
	at library.TestLogin.testcourseclick(TestLogin.java:53)

