<?xml version="1.0" encoding="UTF-8"?>
<testng-results ignored="1" total="2" passed="1" failed="0" skipped="0">
  <reporter-output>
  </reporter-output>
  <suite started-at="2021-08-18T22:35:52 IST" name="Suite" finished-at="2021-08-18T22:36:43 IST" duration-ms="50901">
    <groups>
      <group name="smoke">
        <method signature="TestLogin.testlogin()[pri:0, instance:library.TestLogin@45be7cd5]" name="testlogin" class="library.TestLogin"/>
      </group> <!-- smoke -->
    </groups>
    <test started-at="2021-08-18T22:35:52 IST" name="Test" finished-at="2021-08-18T22:36:43 IST" duration-ms="50901">
      <class name="library.TestLogin">
        <test-method signature="testlogin()[pri:0, instance:library.TestLogin@45be7cd5]" started-at="2021-08-18T22:35:52 IST" name="testlogin" finished-at="2021-08-18T22:36:43 IST" duration-ms="50783" status="PASS">
          <reporter-output>
          </reporter-output>
        </test-method> <!-- testlogin -->
      </class> <!-- library.TestLogin -->
    </test> <!-- Test -->
  </suite> <!-- Suite -->
</testng-results>
